<?xml version="1.0" encoding="UTF-8"?>
<testng-results skipped="0" failed="0" ignored="0" total="1" passed="1">
  <reporter-output>
  </reporter-output>
  <suite name="Default suite" duration-ms="12145" started-at="2021-09-30T09:51:18Z" finished-at="2021-09-30T09:51:30Z">
    <groups>
    </groups>
    <test name="Default test" duration-ms="12145" started-at="2021-09-30T09:51:18Z" finished-at="2021-09-30T09:51:30Z">
      <class name="com.testcases.LoginTestCase">
        <test-method status="PASS" signature="stratUp()[pri:0, instance:com.testcases.LoginTestCase@6d2260db]" name="stratUp" is-config="true" duration-ms="7001" started-at="2021-09-30T09:51:18Z" finished-at="2021-09-30T09:51:25Z">
          <reporter-output>
          </reporter-output>
        </test-method> <!-- stratUp -->
        <test-method status="PASS" signature="login()[pri:0, instance:com.testcases.LoginTestCase@6d2260db]" name="login" duration-ms="3704" started-at="2021-09-30T09:51:25Z" finished-at="2021-09-30T09:51:28Z">
          <reporter-output>
          </reporter-output>
        </test-method> <!-- login -->
        <test-method status="PASS" signature="close()[pri:0, instance:com.testcases.LoginTestCase@6d2260db]" name="close" is-config="true" duration-ms="1284" started-at="2021-09-30T09:51:28Z" finished-at="2021-09-30T09:51:30Z">
          <reporter-output>
          </reporter-output>
        </test-method> <!-- close -->
      </class> <!-- com.testcases.LoginTestCase -->
    </test> <!-- Default test -->
  </suite> <!-- Default suite -->
</testng-results>
